  main.cpp
d:\project\opengl\learnopengl\shader.h(4): warning C4067: unexpected tokens following preprocessor directive - expected a newline
d:\project\opengl\learnopengl\shader.h(122): error C2653: 'glm': is not a class or namespace name
d:\project\opengl\learnopengl\shader.h(122): error C4430: missing type specifier - int assumed. Note: C++ does not support default-int
d:\project\opengl\learnopengl\shader.h(122): error C2143: syntax error: missing ',' before '&'
d:\project\opengl\learnopengl\shader.h(131): error C2653: 'glm': is not a class or namespace name
d:\project\opengl\learnopengl\shader.h(131): error C4430: missing type specifier - int assumed. Note: C++ does not support default-int
d:\project\opengl\learnopengl\shader.h(131): error C2143: syntax error: missing ',' before '&'
d:\project\opengl\learnopengl\shader.h(140): error C2653: 'glm': is not a class or namespace name
d:\project\opengl\learnopengl\shader.h(140): error C4430: missing type specifier - int assumed. Note: C++ does not support default-int
d:\project\opengl\learnopengl\shader.h(140): error C2143: syntax error: missing ',' before '&'
d:\project\opengl\learnopengl\shader.h(149): error C2653: 'glm': is not a class or namespace name
d:\project\opengl\learnopengl\shader.h(149): error C4430: missing type specifier - int assumed. Note: C++ does not support default-int
d:\project\opengl\learnopengl\shader.h(149): error C2143: syntax error: missing ',' before '&'
d:\project\opengl\learnopengl\shader.h(154): error C2653: 'glm': is not a class or namespace name
d:\project\opengl\learnopengl\shader.h(154): error C4430: missing type specifier - int assumed. Note: C++ does not support default-int
d:\project\opengl\learnopengl\shader.h(154): error C2143: syntax error: missing ',' before '&'
d:\project\opengl\learnopengl\shader.h(159): error C2653: 'glm': is not a class or namespace name
d:\project\opengl\learnopengl\shader.h(159): error C4430: missing type specifier - int assumed. Note: C++ does not support default-int
d:\project\opengl\learnopengl\shader.h(159): error C2143: syntax error: missing ',' before '&'
d:\project\opengl\learnopengl\shader.h(124): error C2065: 'value': undeclared identifier
d:\project\opengl\learnopengl\shader.h(124): error C2198: 'PFNGLUNIFORM2FVPROC': too few arguments for call
d:\project\opengl\learnopengl\shader.h(133): error C2065: 'value': undeclared identifier
d:\project\opengl\learnopengl\shader.h(133): error C2198: 'PFNGLUNIFORM3FVPROC': too few arguments for call
d:\project\opengl\learnopengl\shader.h(142): error C2065: 'value': undeclared identifier
d:\project\opengl\learnopengl\shader.h(142): error C2198: 'PFNGLUNIFORM4FVPROC': too few arguments for call
d:\project\opengl\learnopengl\shader.h(151): error C2065: 'mat': undeclared identifier
d:\project\opengl\learnopengl\shader.h(151): error C2198: 'PFNGLUNIFORMMATRIX2FVPROC': too few arguments for call
d:\project\opengl\learnopengl\shader.h(156): error C2065: 'mat': undeclared identifier
d:\project\opengl\learnopengl\shader.h(156): error C2198: 'PFNGLUNIFORMMATRIX3FVPROC': too few arguments for call
d:\project\opengl\learnopengl\shader.h(161): error C2065: 'mat': undeclared identifier
d:\project\opengl\learnopengl\shader.h(161): error C2198: 'PFNGLUNIFORMMATRIX4FVPROC': too few arguments for call
  Generating Code...
  Compiling...
  main_shader.cpp0
d:\project\opengl\learnopengl\shader.h(4): warning C4067: unexpected tokens following preprocessor directive - expected a newline
d:\project\opengl\learnopengl\shader.h(122): error C2653: 'glm': is not a class or namespace name
d:\project\opengl\learnopengl\shader.h(122): error C4430: missing type specifier - int assumed. Note: C++ does not support default-int
d:\project\opengl\learnopengl\shader.h(122): error C2143: syntax error: missing ',' before '&'
d:\project\opengl\learnopengl\shader.h(131): error C2653: 'glm': is not a class or namespace name
d:\project\opengl\learnopengl\shader.h(131): error C4430: missing type specifier - int assumed. Note: C++ does not support default-int
d:\project\opengl\learnopengl\shader.h(131): error C2143: syntax error: missing ',' before '&'
d:\project\opengl\learnopengl\shader.h(140): error C2653: 'glm': is not a class or namespace name
d:\project\opengl\learnopengl\shader.h(140): error C4430: missing type specifier - int assumed. Note: C++ does not support default-int
d:\project\opengl\learnopengl\shader.h(140): error C2143: syntax error: missing ',' before '&'
d:\project\opengl\learnopengl\shader.h(149): error C2653: 'glm': is not a class or namespace name
d:\project\opengl\learnopengl\shader.h(149): error C4430: missing type specifier - int assumed. Note: C++ does not support default-int
d:\project\opengl\learnopengl\shader.h(149): error C2143: syntax error: missing ',' before '&'
d:\project\opengl\learnopengl\shader.h(154): error C2653: 'glm': is not a class or namespace name
d:\project\opengl\learnopengl\shader.h(154): error C4430: missing type specifier - int assumed. Note: C++ does not support default-int
d:\project\opengl\learnopengl\shader.h(154): error C2143: syntax error: missing ',' before '&'
d:\project\opengl\learnopengl\shader.h(159): error C2653: 'glm': is not a class or namespace name
d:\project\opengl\learnopengl\shader.h(159): error C4430: missing type specifier - int assumed. Note: C++ does not support default-int
d:\project\opengl\learnopengl\shader.h(159): error C2143: syntax error: missing ',' before '&'
d:\project\opengl\learnopengl\shader.h(124): error C2065: 'value': undeclared identifier
d:\project\opengl\learnopengl\shader.h(124): error C2198: 'PFNGLUNIFORM2FVPROC': too few arguments for call
d:\project\opengl\learnopengl\shader.h(133): error C2065: 'value': undeclared identifier
d:\project\opengl\learnopengl\shader.h(133): error C2198: 'PFNGLUNIFORM3FVPROC': too few arguments for call
d:\project\opengl\learnopengl\shader.h(142): error C2065: 'value': undeclared identifier
d:\project\opengl\learnopengl\shader.h(142): error C2198: 'PFNGLUNIFORM4FVPROC': too few arguments for call
d:\project\opengl\learnopengl\shader.h(151): error C2065: 'mat': undeclared identifier
d:\project\opengl\learnopengl\shader.h(151): error C2198: 'PFNGLUNIFORMMATRIX2FVPROC': too few arguments for call
d:\project\opengl\learnopengl\shader.h(156): error C2065: 'mat': undeclared identifier
d:\project\opengl\learnopengl\shader.h(156): error C2198: 'PFNGLUNIFORMMATRIX3FVPROC': too few arguments for call
d:\project\opengl\learnopengl\shader.h(161): error C2065: 'mat': undeclared identifier
d:\project\opengl\learnopengl\shader.h(161): error C2198: 'PFNGLUNIFORMMATRIX4FVPROC': too few arguments for call
  Generating Code...
